Started GET "/" for 127.0.0.1 at 2018-10-05 10:05:35 -0400
  
ActiveRecord::PendingMigrationError (

Migrations are pending. To resolve this issue, run:

        bin/rails db:migrate RAILS_ENV=development

):
  
activerecord (5.2.1) lib/active_record/migration.rb:579:in `check_pending!'
activerecord (5.2.1) lib/active_record/migration.rb:556:in `call'
actionpack (5.2.1) lib/action_dispatch/middleware/callbacks.rb:28:in `block in call'
activesupport (5.2.1) lib/active_support/callbacks.rb:98:in `run_callbacks'
actionpack (5.2.1) lib/action_dispatch/middleware/callbacks.rb:26:in `call'
actionpack (5.2.1) lib/action_dispatch/middleware/executor.rb:14:in `call'
actionpack (5.2.1) lib/action_dispatch/middleware/debug_exceptions.rb:61:in `call'
web-console (3.7.0) lib/web_console/middleware.rb:135:in `call_app'
web-console (3.7.0) lib/web_console/middleware.rb:30:in `block in call'
web-console (3.7.0) lib/web_console/middleware.rb:20:in `catch'
web-console (3.7.0) lib/web_console/middleware.rb:20:in `call'
actionpack (5.2.1) lib/action_dispatch/middleware/show_exceptions.rb:33:in `call'
railties (5.2.1) lib/rails/rack/logger.rb:38:in `call_app'
railties (5.2.1) lib/rails/rack/logger.rb:26:in `block in call'
activesupport (5.2.1) lib/active_support/tagged_logging.rb:71:in `block in tagged'
activesupport (5.2.1) lib/active_support/tagged_logging.rb:28:in `tagged'
activesupport (5.2.1) lib/active_support/tagged_logging.rb:71:in `tagged'
railties (5.2.1) lib/rails/rack/logger.rb:26:in `call'
sprockets-rails (3.2.1) lib/sprockets/rails/quiet_assets.rb:13:in `call'
actionpack (5.2.1) lib/action_dispatch/middleware/remote_ip.rb:81:in `call'
actionpack (5.2.1) lib/action_dispatch/middleware/request_id.rb:27:in `call'
rack (2.0.5) lib/rack/method_override.rb:22:in `call'
rack (2.0.5) lib/rack/runtime.rb:22:in `call'
activesupport (5.2.1) lib/active_support/cache/strategy/local_cache_middleware.rb:29:in `call'
actionpack (5.2.1) lib/action_dispatch/middleware/executor.rb:14:in `call'
actionpack (5.2.1) lib/action_dispatch/middleware/static.rb:127:in `call'
rack (2.0.5) lib/rack/sendfile.rb:111:in `call'
railties (5.2.1) lib/rails/engine.rb:524:in `call'
puma (3.12.0) lib/puma/configuration.rb:225:in `call'
puma (3.12.0) lib/puma/server.rb:658:in `handle_request'
puma (3.12.0) lib/puma/server.rb:472:in `process_client'
puma (3.12.0) lib/puma/server.rb:332:in `block in run'
puma (3.12.0) lib/puma/thread_pool.rb:133:in `block in spawn_thread'
  [1m[35m (0.6ms)[0m  [1m[34mSELECT sqlite_version(*)[0m
  ↳ bin/rails:9
  [1m[35m (1.6ms)[0m  [1m[35mCREATE TABLE "schema_migrations" ("version" varchar NOT NULL PRIMARY KEY)[0m
  ↳ bin/rails:9
  [1m[35m (1.6ms)[0m  [1m[35mCREATE TABLE "ar_internal_metadata" ("key" varchar NOT NULL PRIMARY KEY, "value" varchar, "created_at" datetime NOT NULL, "updated_at" datetime NOT NULL)[0m
  ↳ bin/rails:9
  [1m[35m (0.3ms)[0m  [1m[34mSELECT "schema_migrations"."version" FROM "schema_migrations" ORDER BY "schema_migrations"."version" ASC[0m
  ↳ bin/rails:9
Migrating to DeviseCreateUsers (20181004140608)
  [1m[35m (0.1ms)[0m  [1m[36mbegin transaction[0m
  ↳ bin/rails:9
  [1m[35m (1.0ms)[0m  [1m[35mCREATE TABLE "users" ("id" integer PRIMARY KEY AUTOINCREMENT NOT NULL, "email" varchar DEFAULT '' NOT NULL, "encrypted_password" varchar DEFAULT '' NOT NULL, "reset_password_token" varchar, "reset_password_sent_at" datetime, "remember_created_at" datetime, "created_at" datetime NOT NULL, "updated_at" datetime NOT NULL)[0m
  ↳ db/migrate/20181004140608_devise_create_users.rb:5
  [1m[35m (0.3ms)[0m  [1m[35mCREATE UNIQUE INDEX "index_users_on_email" ON "users" ("email")[0m
  ↳ db/migrate/20181004140608_devise_create_users.rb:39
  [1m[35m (0.1ms)[0m  [1m[35mCREATE UNIQUE INDEX "index_users_on_reset_password_token" ON "users" ("reset_password_token")[0m
  ↳ db/migrate/20181004140608_devise_create_users.rb:40
  [1m[36mActiveRecord::SchemaMigration Create (0.3ms)[0m  [1m[32mINSERT INTO "schema_migrations" ("version") VALUES (?)[0m  [["version", "20181004140608"]]
  ↳ bin/rails:9
  [1m[35m (1.2ms)[0m  [1m[36mcommit transaction[0m
  ↳ bin/rails:9
Migrating to CreateProfiles (20181004155904)
  [1m[35m (0.1ms)[0m  [1m[36mbegin transaction[0m
  ↳ bin/rails:9
  [1m[35m (1.2ms)[0m  [1m[35mCREATE TABLE "profiles" ("id" integer PRIMARY KEY AUTOINCREMENT NOT NULL, "user_id" integer, "fname" varchar, "lname" varchar, "total_games_played" integer, "blob_games_played" integer, "blob_games_won" integer, "blob_games_lost" integer, "blob_game_high_score" integer, "ogre_games_played" integer, "ogre_games_won" integer, "ogre_games_lost" integer, "ogre_game_high_score" integer, "sky_games_played" integer, "sky_game_high_score" integer, "created_at" datetime NOT NULL, "updated_at" datetime NOT NULL, CONSTRAINT "fk_rails_e424190865"
FOREIGN KEY ("user_id")
  REFERENCES "users" ("id")
)[0m
  ↳ db/migrate/20181004155904_create_profiles.rb:3
  [1m[35m (0.6ms)[0m  [1m[35mCREATE  INDEX "index_profiles_on_user_id" ON "profiles" ("user_id")[0m
  ↳ db/migrate/20181004155904_create_profiles.rb:3
  [1m[36mActiveRecord::SchemaMigration Create (0.5ms)[0m  [1m[32mINSERT INTO "schema_migrations" ("version") VALUES (?)[0m  [["version", "20181004155904"]]
  ↳ bin/rails:9
  [1m[35m (2.5ms)[0m  [1m[36mcommit transaction[0m
  ↳ bin/rails:9
Migrating to CreateActiveStorageTables (20181004160329)
  [1m[35m (0.3ms)[0m  [1m[36mbegin transaction[0m
  ↳ bin/rails:9
  [1m[35m (1.0ms)[0m  [1m[35mCREATE TABLE "active_storage_blobs" ("id" integer PRIMARY KEY AUTOINCREMENT NOT NULL, "key" varchar NOT NULL, "filename" varchar NOT NULL, "content_type" varchar, "metadata" text, "byte_size" bigint NOT NULL, "checksum" varchar NOT NULL, "created_at" datetime NOT NULL)[0m
  ↳ db/migrate/20181004160329_create_active_storage_tables.active_storage.rb:4
  [1m[35m (0.3ms)[0m  [1m[35mCREATE UNIQUE INDEX "index_active_storage_blobs_on_key" ON "active_storage_blobs" ("key")[0m
  ↳ db/migrate/20181004160329_create_active_storage_tables.active_storage.rb:4
  [1m[35m (0.4ms)[0m  [1m[35mCREATE TABLE "active_storage_attachments" ("id" integer PRIMARY KEY AUTOINCREMENT NOT NULL, "name" varchar NOT NULL, "record_type" varchar NOT NULL, "record_id" integer NOT NULL, "blob_id" integer NOT NULL, "created_at" datetime NOT NULL)[0m
  ↳ db/migrate/20181004160329_create_active_storage_tables.active_storage.rb:16
  [1m[35m (0.3ms)[0m  [1m[35mCREATE  INDEX "index_active_storage_attachments_on_blob_id" ON "active_storage_attachments" ("blob_id")[0m
  ↳ db/migrate/20181004160329_create_active_storage_tables.active_storage.rb:16
  [1m[35m (0.3ms)[0m  [1m[35mCREATE UNIQUE INDEX "index_active_storage_attachments_uniqueness" ON "active_storage_attachments" ("record_type", "record_id", "name", "blob_id")[0m
  ↳ db/migrate/20181004160329_create_active_storage_tables.active_storage.rb:16
  [1m[36mActiveRecord::SchemaMigration Create (0.4ms)[0m  [1m[32mINSERT INTO "schema_migrations" ("version") VALUES (?)[0m  [["version", "20181004160329"]]
  ↳ bin/rails:9
  [1m[35m (1.3ms)[0m  [1m[36mcommit transaction[0m
  ↳ bin/rails:9
  [1m[36mActiveRecord::InternalMetadata Load (0.4ms)[0m  [1m[34mSELECT  "ar_internal_metadata".* FROM "ar_internal_metadata" WHERE "ar_internal_metadata"."key" = ? LIMIT ?[0m  [["key", "environment"], ["LIMIT", 1]]
  ↳ bin/rails:9
  [1m[35m (0.2ms)[0m  [1m[36mbegin transaction[0m
  ↳ bin/rails:9
  [1m[36mActiveRecord::InternalMetadata Create (0.5ms)[0m  [1m[32mINSERT INTO "ar_internal_metadata" ("key", "value", "created_at", "updated_at") VALUES (?, ?, ?, ?)[0m  [["key", "environment"], ["value", "development"], ["created_at", "2018-10-05 14:06:04.024496"], ["updated_at", "2018-10-05 14:06:04.024496"]]
  ↳ bin/rails:9
  [1m[35m (0.9ms)[0m  [1m[36mcommit transaction[0m
  ↳ bin/rails:9
  [1m[35m (0.1ms)[0m  [1m[34mSELECT "schema_migrations"."version" FROM "schema_migrations" ORDER BY "schema_migrations"."version" ASC[0m
  ↳ bin/rails:9
Started GET "/" for 127.0.0.1 at 2018-10-05 10:06:14 -0400
  [1m[35m (0.2ms)[0m  [1m[34mSELECT "schema_migrations"."version" FROM "schema_migrations" ORDER BY "schema_migrations"."version" ASC[0m
  ↳ /Users/angelrodriguez/.rvm/gems/ruby-2.5.1/gems/activerecord-5.2.1/lib/active_record/log_subscriber.rb:98
Processing by Devise::SessionsController#new as HTML
  Rendering /Users/angelrodriguez/.rvm/gems/ruby-2.5.1/gems/devise-4.5.0/app/views/devise/sessions/new.html.erb within layouts/application
  Rendered /Users/angelrodriguez/.rvm/gems/ruby-2.5.1/gems/devise-4.5.0/app/views/devise/shared/_links.html.erb (2.3ms)
  Rendered /Users/angelrodriguez/.rvm/gems/ruby-2.5.1/gems/devise-4.5.0/app/views/devise/sessions/new.html.erb within layouts/application (207.9ms)
Completed 200 OK in 1132ms (Views: 1104.7ms | ActiveRecord: 1.1ms)


Started POST "/users/sign_in" for 127.0.0.1 at 2018-10-05 10:06:37 -0400
Processing by Devise::SessionsController#create as HTML
  Parameters: {"utf8"=>"✓", "authenticity_token"=>"aIS8GWEEfMu2JydZ2HemdVxvju0ZwWEaiVYPpLZy139iZeZ/MW5cuOICi6nmwaGU6I50GAFgezxiZeLPZblqFg==", "user"=>{"email"=>"angelroddy7@gmail.com", "password"=>"[FILTERED]", "remember_me"=>"0"}, "commit"=>"Log in"}
  [1m[36mUser Load (0.2ms)[0m  [1m[34mSELECT  "users".* FROM "users" WHERE "users"."email" = ? ORDER BY "users"."id" ASC LIMIT ?[0m  [["email", "angelroddy7@gmail.com"], ["LIMIT", 1]]
  ↳ /Users/angelrodriguez/.rvm/gems/ruby-2.5.1/gems/activerecord-5.2.1/lib/active_record/log_subscriber.rb:98
Completed 401 Unauthorized in 11ms (ActiveRecord: 0.2ms)


Processing by Devise::SessionsController#new as HTML
  Parameters: {"utf8"=>"✓", "authenticity_token"=>"aIS8GWEEfMu2JydZ2HemdVxvju0ZwWEaiVYPpLZy139iZeZ/MW5cuOICi6nmwaGU6I50GAFgezxiZeLPZblqFg==", "user"=>{"email"=>"angelroddy7@gmail.com", "password"=>"[FILTERED]", "remember_me"=>"0"}, "commit"=>"Log in"}
  Rendering /Users/angelrodriguez/.rvm/gems/ruby-2.5.1/gems/devise-4.5.0/app/views/devise/sessions/new.html.erb within layouts/application
  Rendered /Users/angelrodriguez/.rvm/gems/ruby-2.5.1/gems/devise-4.5.0/app/views/devise/shared/_links.html.erb (1.0ms)
  Rendered /Users/angelrodriguez/.rvm/gems/ruby-2.5.1/gems/devise-4.5.0/app/views/devise/sessions/new.html.erb within layouts/application (8.6ms)
Completed 200 OK in 254ms (Views: 56.8ms | ActiveRecord: 0.0ms)


Started GET "/users/sign_up" for 127.0.0.1 at 2018-10-05 10:06:43 -0400
Processing by Devise::RegistrationsController#new as HTML
  Rendering /Users/angelrodriguez/.rvm/gems/ruby-2.5.1/gems/devise-4.5.0/app/views/devise/registrations/new.html.erb within layouts/application
  Rendered /Users/angelrodriguez/.rvm/gems/ruby-2.5.1/gems/devise-4.5.0/app/views/devise/shared/_links.html.erb (0.9ms)
  Rendered /Users/angelrodriguez/.rvm/gems/ruby-2.5.1/gems/devise-4.5.0/app/views/devise/registrations/new.html.erb within layouts/application (7.3ms)
Completed 200 OK in 53ms (Views: 52.1ms | ActiveRecord: 0.0ms)


Started POST "/users" for 127.0.0.1 at 2018-10-05 10:06:51 -0400
Processing by Devise::RegistrationsController#create as HTML
  Parameters: {"utf8"=>"✓", "authenticity_token"=>"dWInCjg2L9r75sZ6YlzXmGKUEgF2OWNnTH8jvHzQegx9PzlRKDX09aSPY7CxTrzL1cTPg3oUuJemGr7B8yK/0w==", "user"=>{"email"=>"angelroddy7@gmail.com", "password"=>"[FILTERED]", "password_confirmation"=>"[FILTERED]"}, "commit"=>"Sign up"}
  [1m[35m (0.1ms)[0m  [1m[36mbegin transaction[0m
  ↳ /Users/angelrodriguez/.rvm/gems/ruby-2.5.1/gems/activerecord-5.2.1/lib/active_record/log_subscriber.rb:98
  [1m[36mUser Exists (0.2ms)[0m  [1m[34mSELECT  1 AS one FROM "users" WHERE "users"."email" = ? LIMIT ?[0m  [["email", "angelroddy7@gmail.com"], ["LIMIT", 1]]
  ↳ /Users/angelrodriguez/.rvm/gems/ruby-2.5.1/gems/activerecord-5.2.1/lib/active_record/log_subscriber.rb:98
  [1m[36mUser Create (1.3ms)[0m  [1m[32mINSERT INTO "users" ("email", "encrypted_password", "created_at", "updated_at") VALUES (?, ?, ?, ?)[0m  [["email", "angelroddy7@gmail.com"], ["encrypted_password", "$2a$11$fBOxBv8/vIoYl/KcNYEvnetdbVVwYGhFwtB39fCyRZbOpBiwervBm"], ["created_at", "2018-10-05 14:06:51.280959"], ["updated_at", "2018-10-05 14:06:51.280959"]]
  ↳ /Users/angelrodriguez/.rvm/gems/ruby-2.5.1/gems/activerecord-5.2.1/lib/active_record/log_subscriber.rb:98
  [1m[35m (9.3ms)[0m  [1m[36mcommit transaction[0m
  ↳ /Users/angelrodriguez/.rvm/gems/ruby-2.5.1/gems/activerecord-5.2.1/lib/active_record/log_subscriber.rb:98
Redirected to http://localhost:3000/
Completed 302 Found in 187ms (ActiveRecord: 10.8ms)


Started GET "/" for 127.0.0.1 at 2018-10-05 10:06:51 -0400
  [1m[36mUser Load (0.2ms)[0m  [1m[34mSELECT  "users".* FROM "users" WHERE "users"."id" = ? ORDER BY "users"."id" ASC LIMIT ?[0m  [["id", 1], ["LIMIT", 1]]
  ↳ /Users/angelrodriguez/.rvm/gems/ruby-2.5.1/gems/activerecord-5.2.1/lib/active_record/log_subscriber.rb:98
Processing by ProfilesController#new as HTML
  [1m[36mProfile Load (0.5ms)[0m  [1m[34mSELECT  "profiles".* FROM "profiles" WHERE "profiles"."user_id" = ? LIMIT ?[0m  [["user_id", 1], ["LIMIT", 1]]
  ↳ app/controllers/profiles_controller.rb:18
  Rendering profiles/new.html.erb within layouts/application
  Rendered profiles/_form.html.erb (20.2ms)
  Rendered profiles/new.html.erb within layouts/application (24.1ms)
Completed 200 OK in 153ms (Views: 59.0ms | ActiveRecord: 2.3ms)


Started GET "/" for 127.0.0.1 at 2018-10-05 10:06:51 -0400
  [1m[36mUser Load (1.0ms)[0m  [1m[34mSELECT  "users".* FROM "users" WHERE "users"."id" = ? ORDER BY "users"."id" ASC LIMIT ?[0m  [["id", 1], ["LIMIT", 1]]
  ↳ /Users/angelrodriguez/.rvm/gems/ruby-2.5.1/gems/activerecord-5.2.1/lib/active_record/log_subscriber.rb:98
Processing by ProfilesController#new as HTML
  [1m[36mProfile Load (0.2ms)[0m  [1m[34mSELECT  "profiles".* FROM "profiles" WHERE "profiles"."user_id" = ? LIMIT ?[0m  [["user_id", 1], ["LIMIT", 1]]
  ↳ app/controllers/profiles_controller.rb:18
  Rendering profiles/new.html.erb within layouts/application
  Rendered profiles/_form.html.erb (10.7ms)
  Rendered profiles/new.html.erb within layouts/application (16.6ms)
Completed 200 OK in 86ms (Views: 79.2ms | ActiveRecord: 0.2ms)


Started GET "/" for 127.0.0.1 at 2018-10-05 11:51:05 -0400
  [1m[35m (0.6ms)[0m  [1m[34mSELECT "schema_migrations"."version" FROM "schema_migrations" ORDER BY "schema_migrations"."version" ASC[0m
  ↳ /Users/angelrodriguez/.rvm/gems/ruby-2.5.1/gems/activerecord-5.2.1/lib/active_record/log_subscriber.rb:98
  [1m[36mUser Load (0.6ms)[0m  [1m[34mSELECT  "users".* FROM "users" WHERE "users"."id" = ? ORDER BY "users"."id" ASC LIMIT ?[0m  [["id", 1], ["LIMIT", 1]]
  ↳ /Users/angelrodriguez/.rvm/gems/ruby-2.5.1/gems/activerecord-5.2.1/lib/active_record/log_subscriber.rb:98
Processing by ProfilesController#new as HTML
  [1m[36mProfile Load (0.6ms)[0m  [1m[34mSELECT  "profiles".* FROM "profiles" WHERE "profiles"."user_id" = ? LIMIT ?[0m  [["user_id", 1], ["LIMIT", 1]]
  ↳ app/controllers/profiles_controller.rb:18
  Rendering profiles/new.html.erb within layouts/application
  Rendered profiles/_form.html.erb (52.7ms)
  Rendered profiles/new.html.erb within layouts/application (57.1ms)
Completed 500 Internal Server Error in 2900ms (ActiveRecord: 3.1ms)


  
ActionView::Template::Error (undefined method `id' for nil:NilClass):
    16:       
    17:       <% if current_user %>
    18:         <a href="/logout"><div>Log Out</div></a>
    19:         <a href="/profiles<% current_user.profile.id %>"><div>Profile</div></a>
    20:         <a href="/games"><div>Games</div></a>
    21:       <% end %>
    22:     </nav>
  
app/views/layouts/application.html.erb:19:in `_app_views_layouts_application_html_erb__3050721186756851143_70154363104160'
  [1m[35m (0.2ms)[0m  [1m[34mSELECT "schema_migrations"."version" FROM "schema_migrations" ORDER BY "schema_migrations"."version" ASC[0m
  ↳ bin/rails:9
  [1m[36mActiveRecord::InternalMetadata Load (0.8ms)[0m  [1m[34mSELECT  "ar_internal_metadata".* FROM "ar_internal_metadata" WHERE "ar_internal_metadata"."key" = ? LIMIT ?[0m  [["key", "environment"], ["LIMIT", 1]]
  ↳ bin/rails:9
  [1m[35m (0.1ms)[0m  [1m[36mbegin transaction[0m
  ↳ bin/rails:9
  [1m[35m (0.0ms)[0m  [1m[36mcommit transaction[0m
  ↳ bin/rails:9
  [1m[35m (0.1ms)[0m  [1m[34mSELECT "schema_migrations"."version" FROM "schema_migrations" ORDER BY "schema_migrations"."version" ASC[0m
  ↳ bin/rails:9
Started GET "/" for 127.0.0.1 at 2018-10-05 11:51:38 -0400
  [1m[35m (0.2ms)[0m  [1m[34mSELECT "schema_migrations"."version" FROM "schema_migrations" ORDER BY "schema_migrations"."version" ASC[0m
  ↳ /Users/angelrodriguez/.rvm/gems/ruby-2.5.1/gems/activerecord-5.2.1/lib/active_record/log_subscriber.rb:98
  [1m[36mUser Load (0.6ms)[0m  [1m[34mSELECT  "users".* FROM "users" WHERE "users"."id" = ? ORDER BY "users"."id" ASC LIMIT ?[0m  [["id", 1], ["LIMIT", 1]]
  ↳ /Users/angelrodriguez/.rvm/gems/ruby-2.5.1/gems/activerecord-5.2.1/lib/active_record/log_subscriber.rb:98
Processing by ProfilesController#new as HTML
  [1m[36mProfile Load (0.6ms)[0m  [1m[34mSELECT  "profiles".* FROM "profiles" WHERE "profiles"."user_id" = ? LIMIT ?[0m  [["user_id", 1], ["LIMIT", 1]]
  ↳ app/controllers/profiles_controller.rb:18
  Rendering profiles/new.html.erb within layouts/application
  Rendered profiles/_form.html.erb (36.0ms)
  Rendered profiles/new.html.erb within layouts/application (41.0ms)
Completed 500 Internal Server Error in 551ms (ActiveRecord: 1.7ms)


  
ActionView::Template::Error (undefined method `id' for nil:NilClass):
    16:       
    17:       <% if current_user %>
    18:         <a href="/logout"><div>Log Out</div></a>
    19:         <a href="/profiles<% current_user.profile.id %>"><div>Profile</div></a>
    20:         <a href="/games"><div>Games</div></a>
    21:       <% end %>
    22:     </nav>
  
app/views/layouts/application.html.erb:19:in `_app_views_layouts_application_html_erb__4463357038374612409_70100767847540'
Started GET "/" for 127.0.0.1 at 2018-10-05 11:52:16 -0400
  [1m[35m (0.4ms)[0m  [1m[34mSELECT "schema_migrations"."version" FROM "schema_migrations" ORDER BY "schema_migrations"."version" ASC[0m
  ↳ /Users/angelrodriguez/.rvm/gems/ruby-2.5.1/gems/activerecord-5.2.1/lib/active_record/log_subscriber.rb:98
  [1m[36mUser Load (0.3ms)[0m  [1m[34mSELECT  "users".* FROM "users" WHERE "users"."id" = ? ORDER BY "users"."id" ASC LIMIT ?[0m  [["id", 1], ["LIMIT", 1]]
  ↳ /Users/angelrodriguez/.rvm/gems/ruby-2.5.1/gems/activerecord-5.2.1/lib/active_record/log_subscriber.rb:98
Processing by ProfilesController#new as HTML
  [1m[36mProfile Load (0.3ms)[0m  [1m[34mSELECT  "profiles".* FROM "profiles" WHERE "profiles"."user_id" = ? LIMIT ?[0m  [["user_id", 1], ["LIMIT", 1]]
  ↳ app/controllers/profiles_controller.rb:18
  Rendering profiles/new.html.erb within layouts/application
  Rendered profiles/_form.html.erb (21.8ms)
  Rendered profiles/new.html.erb within layouts/application (26.3ms)
Completed 500 Internal Server Error in 473ms (ActiveRecord: 1.4ms)


  
ActionView::Template::Error (undefined method `id' for nil:NilClass):
    16:       
    17:       <% if current_user %>
    18:         <a href="/logout"><div>Log Out</div></a>
    19:         <a href="/profiles<% current_user.profile.id %>"><div>Profile</div></a>
    20:         <a href="/games"><div>Games</div></a>
    21:       <% end %>
    22:     </nav>
  
app/views/layouts/application.html.erb:19:in `_app_views_layouts_application_html_erb___1757694542907515647_70142518096480'
Started GET "/" for 127.0.0.1 at 2018-10-05 11:52:42 -0400
Processing by Devise::SessionsController#new as HTML
  Rendering /Users/angelrodriguez/.rvm/gems/ruby-2.5.1/gems/devise-4.5.0/app/views/devise/sessions/new.html.erb within layouts/application
  Rendered /Users/angelrodriguez/.rvm/gems/ruby-2.5.1/gems/devise-4.5.0/app/views/devise/shared/_links.html.erb (1.2ms)
  Rendered /Users/angelrodriguez/.rvm/gems/ruby-2.5.1/gems/devise-4.5.0/app/views/devise/sessions/new.html.erb within layouts/application (20.3ms)
Completed 200 OK in 120ms (Views: 90.4ms | ActiveRecord: 0.0ms)


Started POST "/users/sign_in" for 127.0.0.1 at 2018-10-05 11:53:04 -0400
Processing by Devise::SessionsController#create as HTML
  Parameters: {"utf8"=>"✓", "authenticity_token"=>"pc+pDomi7469w1LZq6if7KcfW7DKFgCHQelilRnu1TUocZpn1E57UyxuIFN6HuxFHLlKpOOaBEt2Z1sU6Ij8Tw==", "user"=>{"email"=>"mumra@gmail.com", "password"=>"[FILTERED]", "remember_me"=>"0"}, "commit"=>"Log in"}
  [1m[36mUser Load (0.4ms)[0m  [1m[34mSELECT  "users".* FROM "users" WHERE "users"."email" = ? ORDER BY "users"."id" ASC LIMIT ?[0m  [["email", "mumra@gmail.com"], ["LIMIT", 1]]
  ↳ /Users/angelrodriguez/.rvm/gems/ruby-2.5.1/gems/activerecord-5.2.1/lib/active_record/log_subscriber.rb:98
Completed 401 Unauthorized in 8ms (ActiveRecord: 0.4ms)


Processing by Devise::SessionsController#new as HTML
  Parameters: {"utf8"=>"✓", "authenticity_token"=>"pc+pDomi7469w1LZq6if7KcfW7DKFgCHQelilRnu1TUocZpn1E57UyxuIFN6HuxFHLlKpOOaBEt2Z1sU6Ij8Tw==", "user"=>{"email"=>"mumra@gmail.com", "password"=>"[FILTERED]", "remember_me"=>"0"}, "commit"=>"Log in"}
  Rendering /Users/angelrodriguez/.rvm/gems/ruby-2.5.1/gems/devise-4.5.0/app/views/devise/sessions/new.html.erb within layouts/application
  Rendered /Users/angelrodriguez/.rvm/gems/ruby-2.5.1/gems/devise-4.5.0/app/views/devise/shared/_links.html.erb (1.3ms)
  Rendered /Users/angelrodriguez/.rvm/gems/ruby-2.5.1/gems/devise-4.5.0/app/views/devise/sessions/new.html.erb within layouts/application (10.7ms)
Completed 200 OK in 219ms (Views: 41.8ms | ActiveRecord: 0.0ms)


Started GET "/users/sign_up" for 127.0.0.1 at 2018-10-05 11:53:08 -0400
Processing by Devise::RegistrationsController#new as HTML
  Rendering /Users/angelrodriguez/.rvm/gems/ruby-2.5.1/gems/devise-4.5.0/app/views/devise/registrations/new.html.erb within layouts/application
  Rendered /Users/angelrodriguez/.rvm/gems/ruby-2.5.1/gems/devise-4.5.0/app/views/devise/shared/_links.html.erb (1.2ms)
  Rendered /Users/angelrodriguez/.rvm/gems/ruby-2.5.1/gems/devise-4.5.0/app/views/devise/registrations/new.html.erb within layouts/application (8.1ms)
Completed 200 OK in 46ms (Views: 44.7ms | ActiveRecord: 0.0ms)


Started POST "/users" for 127.0.0.1 at 2018-10-05 11:53:24 -0400
Processing by Devise::RegistrationsController#create as HTML
  Parameters: {"utf8"=>"✓", "authenticity_token"=>"l7//tj1SlVk6rewI2CwDWYVy1UAj3JZticLuGDQ9W3R1E92E/AguY16qKpPcCMB6mgGcwm/TkwiSVT73og38aA==", "user"=>{"email"=>"angelroddy7@gmail.com", "password"=>"[FILTERED]", "password_confirmation"=>"[FILTERED]"}, "commit"=>"Sign up"}
  [1m[35m (0.1ms)[0m  [1m[36mbegin transaction[0m
  ↳ /Users/angelrodriguez/.rvm/gems/ruby-2.5.1/gems/activerecord-5.2.1/lib/active_record/log_subscriber.rb:98
  [1m[36mUser Exists (0.3ms)[0m  [1m[34mSELECT  1 AS one FROM "users" WHERE "users"."email" = ? LIMIT ?[0m  [["email", "angelroddy7@gmail.com"], ["LIMIT", 1]]
  ↳ /Users/angelrodriguez/.rvm/gems/ruby-2.5.1/gems/activerecord-5.2.1/lib/active_record/log_subscriber.rb:98
  [1m[35m (0.1ms)[0m  [1m[31mrollback transaction[0m
  ↳ /Users/angelrodriguez/.rvm/gems/ruby-2.5.1/gems/activerecord-5.2.1/lib/active_record/log_subscriber.rb:98
  Rendering /Users/angelrodriguez/.rvm/gems/ruby-2.5.1/gems/devise-4.5.0/app/views/devise/registrations/new.html.erb within layouts/application
  Rendered /Users/angelrodriguez/.rvm/gems/ruby-2.5.1/gems/devise-4.5.0/app/views/devise/shared/_links.html.erb (1.1ms)
  Rendered /Users/angelrodriguez/.rvm/gems/ruby-2.5.1/gems/devise-4.5.0/app/views/devise/registrations/new.html.erb within layouts/application (8.7ms)
Completed 200 OK in 230ms (Views: 53.7ms | ActiveRecord: 0.5ms)


Started GET "/users/sign_in" for 127.0.0.1 at 2018-10-05 11:53:31 -0400
Processing by Devise::SessionsController#new as HTML
  Rendering /Users/angelrodriguez/.rvm/gems/ruby-2.5.1/gems/devise-4.5.0/app/views/devise/sessions/new.html.erb within layouts/application
  Rendered /Users/angelrodriguez/.rvm/gems/ruby-2.5.1/gems/devise-4.5.0/app/views/devise/shared/_links.html.erb (0.9ms)
  Rendered /Users/angelrodriguez/.rvm/gems/ruby-2.5.1/gems/devise-4.5.0/app/views/devise/sessions/new.html.erb within layouts/application (9.6ms)
Completed 200 OK in 56ms (Views: 53.6ms | ActiveRecord: 0.0ms)


Started POST "/users/sign_in" for 127.0.0.1 at 2018-10-05 11:53:36 -0400
Processing by Devise::SessionsController#create as HTML
  Parameters: {"utf8"=>"✓", "authenticity_token"=>"xITUw6WAv2cLJqeAaWePI23tyY6T+quqIX/0r9d9KK5gYwG65icRwAxRX1i9ioib3Ma5ki6jVoShhaUbD2PD7A==", "user"=>{"email"=>"angelroddy7@gmail.com", "password"=>"[FILTERED]", "remember_me"=>"0"}, "commit"=>"Log in"}
  [1m[36mUser Load (0.3ms)[0m  [1m[34mSELECT  "users".* FROM "users" WHERE "users"."email" = ? ORDER BY "users"."id" ASC LIMIT ?[0m  [["email", "angelroddy7@gmail.com"], ["LIMIT", 1]]
  ↳ /Users/angelrodriguez/.rvm/gems/ruby-2.5.1/gems/activerecord-5.2.1/lib/active_record/log_subscriber.rb:98
Redirected to http://localhost:3000/
Completed 302 Found in 172ms (ActiveRecord: 0.3ms)


Started GET "/" for 127.0.0.1 at 2018-10-05 11:53:36 -0400
  [1m[36mUser Load (0.2ms)[0m  [1m[34mSELECT  "users".* FROM "users" WHERE "users"."id" = ? ORDER BY "users"."id" ASC LIMIT ?[0m  [["id", 1], ["LIMIT", 1]]
  ↳ /Users/angelrodriguez/.rvm/gems/ruby-2.5.1/gems/activerecord-5.2.1/lib/active_record/log_subscriber.rb:98
Processing by ProfilesController#new as HTML
  [1m[36mProfile Load (0.3ms)[0m  [1m[34mSELECT  "profiles".* FROM "profiles" WHERE "profiles"."user_id" = ? LIMIT ?[0m  [["user_id", 1], ["LIMIT", 1]]
  ↳ app/controllers/profiles_controller.rb:18
  Rendering profiles/new.html.erb within layouts/application
  Rendered profiles/_form.html.erb (3.2ms)
  Rendered profiles/new.html.erb within layouts/application (6.0ms)
Completed 500 Internal Server Error in 46ms (ActiveRecord: 0.3ms)


  
ActionView::Template::Error (undefined method `id' for nil:NilClass):
    16:       
    17:       <% if current_user %>
    18:         <a href="/logout"><div>Log Out</div></a>
    19:         <a href="/profiles<% current_user.profile.id %>"><div>Profile</div></a>
    20:         <a href="/games"><div>Games</div></a>
    21:       <% end %>
    22:     </nav>
  
app/views/layouts/application.html.erb:19:in `_app_views_layouts_application_html_erb___1757694542907515647_70142563178560'
Started GET "/" for 127.0.0.1 at 2018-10-05 11:56:44 -0400
  [1m[35m (0.6ms)[0m  [1m[34mSELECT "schema_migrations"."version" FROM "schema_migrations" ORDER BY "schema_migrations"."version" ASC[0m
  ↳ /Users/angelrodriguez/.rvm/gems/ruby-2.5.1/gems/activerecord-5.2.1/lib/active_record/log_subscriber.rb:98
  [1m[36mUser Load (0.6ms)[0m  [1m[34mSELECT  "users".* FROM "users" WHERE "users"."id" = ? ORDER BY "users"."id" ASC LIMIT ?[0m  [["id", 1], ["LIMIT", 1]]
  ↳ /Users/angelrodriguez/.rvm/gems/ruby-2.5.1/gems/activerecord-5.2.1/lib/active_record/log_subscriber.rb:98
Processing by ProfilesController#new as HTML
  [1m[36mProfile Load (0.8ms)[0m  [1m[34mSELECT  "profiles".* FROM "profiles" WHERE "profiles"."user_id" = ? LIMIT ?[0m  [["user_id", 1], ["LIMIT", 1]]
  ↳ app/controllers/profiles_controller.rb:18
  Rendering profiles/new.html.erb within layouts/application
  Rendered profiles/_form.html.erb (52.8ms)
  Rendered profiles/new.html.erb within layouts/application (57.3ms)
Completed 200 OK in 642ms (Views: 582.9ms | ActiveRecord: 2.1ms)


Started GET "/" for 127.0.0.1 at 2018-10-05 11:56:45 -0400
  [1m[36mUser Load (0.4ms)[0m  [1m[34mSELECT  "users".* FROM "users" WHERE "users"."id" = ? ORDER BY "users"."id" ASC LIMIT ?[0m  [["id", 1], ["LIMIT", 1]]
  ↳ /Users/angelrodriguez/.rvm/gems/ruby-2.5.1/gems/activerecord-5.2.1/lib/active_record/log_subscriber.rb:98
Processing by ProfilesController#new as HTML
  [1m[36mProfile Load (0.2ms)[0m  [1m[34mSELECT  "profiles".* FROM "profiles" WHERE "profiles"."user_id" = ? LIMIT ?[0m  [["user_id", 1], ["LIMIT", 1]]
  ↳ app/controllers/profiles_controller.rb:18
  Rendering profiles/new.html.erb within layouts/application
  Rendered profiles/_form.html.erb (9.1ms)
  Rendered profiles/new.html.erb within layouts/application (14.3ms)
Completed 200 OK in 216ms (Views: 208.0ms | ActiveRecord: 0.2ms)


Started GET "/games" for 127.0.0.1 at 2018-10-05 11:56:51 -0400
Processing by GamesController#index as HTML
  [1m[36mUser Load (0.3ms)[0m  [1m[34mSELECT  "users".* FROM "users" WHERE "users"."id" = ? ORDER BY "users"."id" ASC LIMIT ?[0m  [["id", 1], ["LIMIT", 1]]
  ↳ /Users/angelrodriguez/.rvm/gems/ruby-2.5.1/gems/activerecord-5.2.1/lib/active_record/log_subscriber.rb:98
  Rendering games/index.html.erb within layouts/application
  Rendered games/index.html.erb within layouts/application (1.4ms)
  [1m[36mProfile Load (0.2ms)[0m  [1m[34mSELECT  "profiles".* FROM "profiles" WHERE "profiles"."user_id" = ? LIMIT ?[0m  [["user_id", 1], ["LIMIT", 1]]
  ↳ app/views/layouts/application.html.erb:19
Completed 200 OK in 63ms (Views: 53.2ms | ActiveRecord: 0.4ms)


Started GET "/games" for 127.0.0.1 at 2018-10-05 11:56:51 -0400
Processing by GamesController#index as HTML
  [1m[36mUser Load (0.2ms)[0m  [1m[34mSELECT  "users".* FROM "users" WHERE "users"."id" = ? ORDER BY "users"."id" ASC LIMIT ?[0m  [["id", 1], ["LIMIT", 1]]
  ↳ /Users/angelrodriguez/.rvm/gems/ruby-2.5.1/gems/activerecord-5.2.1/lib/active_record/log_subscriber.rb:98
  Rendering games/index.html.erb within layouts/application
  Rendered games/index.html.erb within layouts/application (0.5ms)
  [1m[36mProfile Load (0.1ms)[0m  [1m[34mSELECT  "profiles".* FROM "profiles" WHERE "profiles"."user_id" = ? LIMIT ?[0m  [["user_id", 1], ["LIMIT", 1]]
  ↳ app/views/layouts/application.html.erb:19
Completed 200 OK in 41ms (Views: 33.8ms | ActiveRecord: 0.4ms)


Started GET "/games" for 127.0.0.1 at 2018-10-05 11:56:58 -0400
Processing by GamesController#index as HTML
  [1m[36mUser Load (0.4ms)[0m  [1m[34mSELECT  "users".* FROM "users" WHERE "users"."id" = ? ORDER BY "users"."id" ASC LIMIT ?[0m  [["id", 1], ["LIMIT", 1]]
  ↳ /Users/angelrodriguez/.rvm/gems/ruby-2.5.1/gems/activerecord-5.2.1/lib/active_record/log_subscriber.rb:98
  Rendering games/index.html.erb within layouts/application
  Rendered games/index.html.erb within layouts/application (0.6ms)
  [1m[36mProfile Load (0.1ms)[0m  [1m[34mSELECT  "profiles".* FROM "profiles" WHERE "profiles"."user_id" = ? LIMIT ?[0m  [["user_id", 1], ["LIMIT", 1]]
  ↳ app/views/layouts/application.html.erb:19
Completed 200 OK in 48ms (Views: 38.2ms | ActiveRecord: 0.5ms)


Started GET "/blob_man" for 127.0.0.1 at 2018-10-05 11:57:01 -0400
Processing by GamesController#blob_man as HTML
  [1m[36mUser Load (0.5ms)[0m  [1m[34mSELECT  "users".* FROM "users" WHERE "users"."id" = ? ORDER BY "users"."id" ASC LIMIT ?[0m  [["id", 1], ["LIMIT", 1]]
  ↳ /Users/angelrodriguez/.rvm/gems/ruby-2.5.1/gems/activerecord-5.2.1/lib/active_record/log_subscriber.rb:98
  Rendering games/blob_man.html.erb within layouts/application
  Rendered games/blob_man.html.erb within layouts/application (841.5ms)
  [1m[36mProfile Load (0.2ms)[0m  [1m[34mSELECT  "profiles".* FROM "profiles" WHERE "profiles"."user_id" = ? LIMIT ?[0m  [["user_id", 1], ["LIMIT", 1]]
  ↳ app/views/layouts/application.html.erb:19
Completed 200 OK in 898ms (Views: 881.7ms | ActiveRecord: 0.7ms)


Started GET "/games" for 127.0.0.1 at 2018-10-05 11:57:15 -0400
Processing by GamesController#index as HTML
  [1m[36mUser Load (0.5ms)[0m  [1m[34mSELECT  "users".* FROM "users" WHERE "users"."id" = ? ORDER BY "users"."id" ASC LIMIT ?[0m  [["id", 1], ["LIMIT", 1]]
  ↳ /Users/angelrodriguez/.rvm/gems/ruby-2.5.1/gems/activerecord-5.2.1/lib/active_record/log_subscriber.rb:98
  Rendering games/index.html.erb within layouts/application
  Rendered games/index.html.erb within layouts/application (0.3ms)
  [1m[36mProfile Load (0.1ms)[0m  [1m[34mSELECT  "profiles".* FROM "profiles" WHERE "profiles"."user_id" = ? LIMIT ?[0m  [["user_id", 1], ["LIMIT", 1]]
  ↳ app/views/layouts/application.html.erb:19
Completed 200 OK in 68ms (Views: 57.5ms | ActiveRecord: 0.6ms)


Started GET "/sky_high" for 127.0.0.1 at 2018-10-05 11:57:17 -0400
Processing by GamesController#sky_high as HTML
  [1m[36mUser Load (0.3ms)[0m  [1m[34mSELECT  "users".* FROM "users" WHERE "users"."id" = ? ORDER BY "users"."id" ASC LIMIT ?[0m  [["id", 1], ["LIMIT", 1]]
  ↳ /Users/angelrodriguez/.rvm/gems/ruby-2.5.1/gems/activerecord-5.2.1/lib/active_record/log_subscriber.rb:98
  Rendering games/sky_high.erb within layouts/application
  Rendered games/sky_high.erb within layouts/application (217.6ms)
  [1m[36mProfile Load (0.3ms)[0m  [1m[34mSELECT  "profiles".* FROM "profiles" WHERE "profiles"."user_id" = ? LIMIT ?[0m  [["user_id", 1], ["LIMIT", 1]]
  ↳ app/views/layouts/application.html.erb:19
Completed 200 OK in 283ms (Views: 273.6ms | ActiveRecord: 0.6ms)


Started GET "/games" for 127.0.0.1 at 2018-10-05 11:57:44 -0400
Processing by GamesController#index as HTML
  [1m[36mUser Load (0.4ms)[0m  [1m[34mSELECT  "users".* FROM "users" WHERE "users"."id" = ? ORDER BY "users"."id" ASC LIMIT ?[0m  [["id", 1], ["LIMIT", 1]]
  ↳ /Users/angelrodriguez/.rvm/gems/ruby-2.5.1/gems/activerecord-5.2.1/lib/active_record/log_subscriber.rb:98
  Rendering games/index.html.erb within layouts/application
  Rendered games/index.html.erb within layouts/application (0.4ms)
  [1m[36mProfile Load (0.1ms)[0m  [1m[34mSELECT  "profiles".* FROM "profiles" WHERE "profiles"."user_id" = ? LIMIT ?[0m  [["user_id", 1], ["LIMIT", 1]]
  ↳ app/views/layouts/application.html.erb:19
Completed 200 OK in 53ms (Views: 43.7ms | ActiveRecord: 0.5ms)


Started GET "/ogre_crossing" for 127.0.0.1 at 2018-10-05 11:57:45 -0400
Processing by GamesController#ogre_crossing as HTML
  [1m[36mUser Load (1.3ms)[0m  [1m[34mSELECT  "users".* FROM "users" WHERE "users"."id" = ? ORDER BY "users"."id" ASC LIMIT ?[0m  [["id", 1], ["LIMIT", 1]]
  ↳ /Users/angelrodriguez/.rvm/gems/ruby-2.5.1/gems/activerecord-5.2.1/lib/active_record/log_subscriber.rb:98
  Rendering games/ogre_crossing.html.erb within layouts/application
  Rendered games/ogre_crossing.html.erb within layouts/application (19.8ms)
  [1m[36mProfile Load (0.2ms)[0m  [1m[34mSELECT  "profiles".* FROM "profiles" WHERE "profiles"."user_id" = ? LIMIT ?[0m  [["user_id", 1], ["LIMIT", 1]]
  ↳ app/views/layouts/application.html.erb:19
Completed 200 OK in 79ms (Views: 60.0ms | ActiveRecord: 1.5ms)


Started GET "/ogre_crossing" for 127.0.0.1 at 2018-10-05 11:57:51 -0400
Processing by GamesController#ogre_crossing as HTML
  [1m[36mUser Load (0.2ms)[0m  [1m[34mSELECT  "users".* FROM "users" WHERE "users"."id" = ? ORDER BY "users"."id" ASC LIMIT ?[0m  [["id", 1], ["LIMIT", 1]]
  ↳ /Users/angelrodriguez/.rvm/gems/ruby-2.5.1/gems/activerecord-5.2.1/lib/active_record/log_subscriber.rb:98
  Rendering games/ogre_crossing.html.erb within layouts/application
  Rendered games/ogre_crossing.html.erb within layouts/application (12.0ms)
  [1m[36mProfile Load (0.1ms)[0m  [1m[34mSELECT  "profiles".* FROM "profiles" WHERE "profiles"."user_id" = ? LIMIT ?[0m  [["user_id", 1], ["LIMIT", 1]]
  ↳ app/views/layouts/application.html.erb:19
Completed 200 OK in 84ms (Views: 75.5ms | ActiveRecord: 0.4ms)


Started GET "/" for 127.0.0.1 at 2018-10-05 12:02:01 -0400
  [1m[36mUser Load (0.5ms)[0m  [1m[34mSELECT  "users".* FROM "users" WHERE "users"."id" = ? ORDER BY "users"."id" ASC LIMIT ?[0m  [["id", 1], ["LIMIT", 1]]
  ↳ /Users/angelrodriguez/.rvm/gems/ruby-2.5.1/gems/activerecord-5.2.1/lib/active_record/log_subscriber.rb:98
Processing by ProfilesController#new as HTML
  [1m[36mProfile Load (0.7ms)[0m  [1m[34mSELECT  "profiles".* FROM "profiles" WHERE "profiles"."user_id" = ? LIMIT ?[0m  [["user_id", 1], ["LIMIT", 1]]
  ↳ app/controllers/profiles_controller.rb:18
  Rendering profiles/new.html.erb within layouts/application
  Rendered profiles/_form.html.erb (8.8ms)
  Rendered profiles/new.html.erb within layouts/application (13.6ms)
Completed 200 OK in 85ms (Views: 76.0ms | ActiveRecord: 0.7ms)


Started GET "/" for 127.0.0.1 at 2018-10-05 12:02:01 -0400
  [1m[36mUser Load (0.3ms)[0m  [1m[34mSELECT  "users".* FROM "users" WHERE "users"."id" = ? ORDER BY "users"."id" ASC LIMIT ?[0m  [["id", 1], ["LIMIT", 1]]
  ↳ /Users/angelrodriguez/.rvm/gems/ruby-2.5.1/gems/activerecord-5.2.1/lib/active_record/log_subscriber.rb:98
Processing by ProfilesController#new as HTML
  [1m[36mProfile Load (0.2ms)[0m  [1m[34mSELECT  "profiles".* FROM "profiles" WHERE "profiles"."user_id" = ? LIMIT ?[0m  [["user_id", 1], ["LIMIT", 1]]
  ↳ app/controllers/profiles_controller.rb:18
  Rendering profiles/new.html.erb within layouts/application
  Rendered profiles/_form.html.erb (5.8ms)
  Rendered profiles/new.html.erb within layouts/application (9.7ms)
Completed 200 OK in 49ms (Views: 43.4ms | ActiveRecord: 0.2ms)


Started GET "/" for 127.0.0.1 at 2018-10-05 13:14:09 -0400
  [1m[35m (0.5ms)[0m  [1m[34mSELECT "schema_migrations"."version" FROM "schema_migrations" ORDER BY "schema_migrations"."version" ASC[0m
  ↳ /Users/angelrodriguez/.rvm/gems/ruby-2.5.1/gems/activerecord-5.2.1/lib/active_record/log_subscriber.rb:98
  [1m[36mUser Load (0.6ms)[0m  [1m[34mSELECT  "users".* FROM "users" WHERE "users"."id" = ? ORDER BY "users"."id" ASC LIMIT ?[0m  [["id", 1], ["LIMIT", 1]]
  ↳ /Users/angelrodriguez/.rvm/gems/ruby-2.5.1/gems/activerecord-5.2.1/lib/active_record/log_subscriber.rb:98
Processing by ProfilesController#new as HTML
  [1m[36mProfile Load (0.6ms)[0m  [1m[34mSELECT  "profiles".* FROM "profiles" WHERE "profiles"."user_id" = ? LIMIT ?[0m  [["user_id", 1], ["LIMIT", 1]]
  ↳ app/controllers/profiles_controller.rb:18
  Rendering profiles/new.html.erb within layouts/application
  Rendered profiles/_form.html.erb (34.3ms)
  Rendered profiles/new.html.erb within layouts/application (39.6ms)
Completed 200 OK in 617ms (Views: 567.5ms | ActiveRecord: 2.7ms)


Started GET "/" for 127.0.0.1 at 2018-10-05 13:14:10 -0400
  [1m[36mUser Load (0.4ms)[0m  [1m[34mSELECT  "users".* FROM "users" WHERE "users"."id" = ? ORDER BY "users"."id" ASC LIMIT ?[0m  [["id", 1], ["LIMIT", 1]]
  ↳ /Users/angelrodriguez/.rvm/gems/ruby-2.5.1/gems/activerecord-5.2.1/lib/active_record/log_subscriber.rb:98
Processing by ProfilesController#new as HTML
  [1m[36mProfile Load (0.5ms)[0m  [1m[34mSELECT  "profiles".* FROM "profiles" WHERE "profiles"."user_id" = ? LIMIT ?[0m  [["user_id", 1], ["LIMIT", 1]]
  ↳ app/controllers/profiles_controller.rb:18
  Rendering profiles/new.html.erb within layouts/application
  Rendered profiles/_form.html.erb (6.2ms)
  Rendered profiles/new.html.erb within layouts/application (12.2ms)
Completed 200 OK in 99ms (Views: 90.6ms | ActiveRecord: 0.5ms)


Started GET "/" for 127.0.0.1 at 2018-10-05 13:14:11 -0400
  [1m[36mUser Load (0.4ms)[0m  [1m[34mSELECT  "users".* FROM "users" WHERE "users"."id" = ? ORDER BY "users"."id" ASC LIMIT ?[0m  [["id", 1], ["LIMIT", 1]]
  ↳ /Users/angelrodriguez/.rvm/gems/ruby-2.5.1/gems/activerecord-5.2.1/lib/active_record/log_subscriber.rb:98
Processing by ProfilesController#new as HTML
  [1m[36mProfile Load (0.6ms)[0m  [1m[34mSELECT  "profiles".* FROM "profiles" WHERE "profiles"."user_id" = ? LIMIT ?[0m  [["user_id", 1], ["LIMIT", 1]]
  ↳ app/controllers/profiles_controller.rb:18
  Rendering profiles/new.html.erb within layouts/application
  Rendered profiles/_form.html.erb (5.4ms)
  Rendered profiles/new.html.erb within layouts/application (9.3ms)
Completed 200 OK in 45ms (Views: 37.5ms | ActiveRecord: 0.6ms)


Started GET "/" for 127.0.0.1 at 2018-10-05 13:14:12 -0400
  [1m[36mUser Load (0.2ms)[0m  [1m[34mSELECT  "users".* FROM "users" WHERE "users"."id" = ? ORDER BY "users"."id" ASC LIMIT ?[0m  [["id", 1], ["LIMIT", 1]]
  ↳ /Users/angelrodriguez/.rvm/gems/ruby-2.5.1/gems/activerecord-5.2.1/lib/active_record/log_subscriber.rb:98
Processing by ProfilesController#new as HTML
  [1m[36mProfile Load (0.2ms)[0m  [1m[34mSELECT  "profiles".* FROM "profiles" WHERE "profiles"."user_id" = ? LIMIT ?[0m  [["user_id", 1], ["LIMIT", 1]]
  ↳ app/controllers/profiles_controller.rb:18
  Rendering profiles/new.html.erb within layouts/application
  Rendered profiles/_form.html.erb (7.7ms)
  Rendered profiles/new.html.erb within layouts/application (13.2ms)
Completed 200 OK in 64ms (Views: 58.5ms | ActiveRecord: 0.2ms)


Started GET "/users/sign_in" for 127.0.0.1 at 2018-10-05 13:14:14 -0400
Processing by Devise::SessionsController#new as HTML
  [1m[36mUser Load (0.3ms)[0m  [1m[34mSELECT  "users".* FROM "users" WHERE "users"."id" = ? ORDER BY "users"."id" ASC LIMIT ?[0m  [["id", 1], ["LIMIT", 1]]
  ↳ /Users/angelrodriguez/.rvm/gems/ruby-2.5.1/gems/activerecord-5.2.1/lib/active_record/log_subscriber.rb:98
Redirected to http://localhost:3000/
Filter chain halted as :require_no_authentication rendered or redirected
Completed 302 Found in 6ms (ActiveRecord: 0.3ms)


Started GET "/" for 127.0.0.1 at 2018-10-05 13:14:14 -0400
  [1m[36mUser Load (0.3ms)[0m  [1m[34mSELECT  "users".* FROM "users" WHERE "users"."id" = ? ORDER BY "users"."id" ASC LIMIT ?[0m  [["id", 1], ["LIMIT", 1]]
  ↳ /Users/angelrodriguez/.rvm/gems/ruby-2.5.1/gems/activerecord-5.2.1/lib/active_record/log_subscriber.rb:98
Processing by ProfilesController#new as HTML
  [1m[36mProfile Load (0.1ms)[0m  [1m[34mSELECT  "profiles".* FROM "profiles" WHERE "profiles"."user_id" = ? LIMIT ?[0m  [["user_id", 1], ["LIMIT", 1]]
  ↳ app/controllers/profiles_controller.rb:18
  Rendering profiles/new.html.erb within layouts/application
  Rendered profiles/_form.html.erb (3.0ms)
  Rendered profiles/new.html.erb within layouts/application (5.8ms)
Completed 200 OK in 35ms (Views: 30.4ms | ActiveRecord: 0.1ms)


Started GET "/users/sign_in" for 127.0.0.1 at 2018-10-05 13:14:14 -0400
Processing by Devise::SessionsController#new as HTML
  [1m[36mUser Load (0.4ms)[0m  [1m[34mSELECT  "users".* FROM "users" WHERE "users"."id" = ? ORDER BY "users"."id" ASC LIMIT ?[0m  [["id", 1], ["LIMIT", 1]]
  ↳ /Users/angelrodriguez/.rvm/gems/ruby-2.5.1/gems/activerecord-5.2.1/lib/active_record/log_subscriber.rb:98
Redirected to http://localhost:3000/
Started GET "/" for 127.0.0.1 at 2018-10-05 13:14:14 -0400
Filter chain halted as :require_no_authentication rendered or redirected
  [1m[36mUser Load (0.2ms)[0m  [1m[34mSELECT  "users".* FROM "users" WHERE "users"."id" = ? ORDER BY "users"."id" ASC LIMIT ?[0m  [["id", 1], ["LIMIT", 1]]
  ↳ /Users/angelrodriguez/.rvm/gems/ruby-2.5.1/gems/activerecord-5.2.1/lib/active_record/log_subscriber.rb:98
Processing by ProfilesController#new as HTML
Completed 302 Found in 32ms (ActiveRecord: 0.4ms)


  [1m[36mProfile Load (0.3ms)[0m  [1m[34mSELECT  "profiles".* FROM "profiles" WHERE "profiles"."user_id" = ? LIMIT ?[0m  [["user_id", 1], ["LIMIT", 1]]
  ↳ app/controllers/profiles_controller.rb:18
  Rendering profiles/new.html.erb within layouts/application
  Rendered profiles/_form.html.erb (3.0ms)
  Rendered profiles/new.html.erb within layouts/application (5.7ms)
Completed 200 OK in 36ms (Views: 29.9ms | ActiveRecord: 0.3ms)


Started GET "/" for 127.0.0.1 at 2018-10-05 13:14:14 -0400
  [1m[36mUser Load (0.3ms)[0m  [1m[34mSELECT  "users".* FROM "users" WHERE "users"."id" = ? ORDER BY "users"."id" ASC LIMIT ?[0m  [["id", 1], ["LIMIT", 1]]
  ↳ /Users/angelrodriguez/.rvm/gems/ruby-2.5.1/gems/activerecord-5.2.1/lib/active_record/log_subscriber.rb:98
Processing by ProfilesController#new as HTML
  [1m[36mProfile Load (0.1ms)[0m  [1m[34mSELECT  "profiles".* FROM "profiles" WHERE "profiles"."user_id" = ? LIMIT ?[0m  [["user_id", 1], ["LIMIT", 1]]
  ↳ app/controllers/profiles_controller.rb:18
  Rendering profiles/new.html.erb within layouts/application
  Rendered profiles/_form.html.erb (4.1ms)
  Rendered profiles/new.html.erb within layouts/application (6.9ms)
Completed 200 OK in 34ms (Views: 30.6ms | ActiveRecord: 0.1ms)


Started GET "/users/sign_in" for 127.0.0.1 at 2018-10-05 13:14:19 -0400
Processing by Devise::SessionsController#new as HTML
  [1m[36mUser Load (2.3ms)[0m  [1m[34mSELECT  "users".* FROM "users" WHERE "users"."id" = ? ORDER BY "users"."id" ASC LIMIT ?[0m  [["id", 1], ["LIMIT", 1]]
  ↳ /Users/angelrodriguez/.rvm/gems/ruby-2.5.1/gems/activerecord-5.2.1/lib/active_record/log_subscriber.rb:98
Redirected to http://localhost:3000/
Filter chain halted as :require_no_authentication rendered or redirected
Completed 302 Found in 6ms (ActiveRecord: 2.3ms)


Started GET "/" for 127.0.0.1 at 2018-10-05 13:14:19 -0400
  [1m[36mUser Load (0.4ms)[0m  [1m[34mSELECT  "users".* FROM "users" WHERE "users"."id" = ? ORDER BY "users"."id" ASC LIMIT ?[0m  [["id", 1], ["LIMIT", 1]]
  ↳ /Users/angelrodriguez/.rvm/gems/ruby-2.5.1/gems/activerecord-5.2.1/lib/active_record/log_subscriber.rb:98
Processing by ProfilesController#new as HTML
  [1m[36mProfile Load (0.2ms)[0m  [1m[34mSELECT  "profiles".* FROM "profiles" WHERE "profiles"."user_id" = ? LIMIT ?[0m  [["user_id", 1], ["LIMIT", 1]]
  ↳ app/controllers/profiles_controller.rb:18
  Rendering profiles/new.html.erb within layouts/application
  Rendered profiles/_form.html.erb (3.4ms)
  Rendered profiles/new.html.erb within layouts/application (7.1ms)
Completed 200 OK in 37ms (Views: 31.3ms | ActiveRecord: 0.2ms)


Started GET "/users/sign_in" for 127.0.0.1 at 2018-10-05 13:14:19 -0400
Processing by Devise::SessionsController#new as HTML
  [1m[36mUser Load (0.3ms)[0m  [1m[34mSELECT  "users".* FROM "users" WHERE "users"."id" = ? ORDER BY "users"."id" ASC LIMIT ?[0m  [["id", 1], ["LIMIT", 1]]
  ↳ /Users/angelrodriguez/.rvm/gems/ruby-2.5.1/gems/activerecord-5.2.1/lib/active_record/log_subscriber.rb:98
Redirected to http://localhost:3000/
Filter chain halted as :require_no_authentication rendered or redirected
Completed 302 Found in 5ms (ActiveRecord: 0.3ms)


Started GET "/" for 127.0.0.1 at 2018-10-05 13:14:19 -0400
  [1m[36mUser Load (0.4ms)[0m  [1m[34mSELECT  "users".* FROM "users" WHERE "users"."id" = ? ORDER BY "users"."id" ASC LIMIT ?[0m  [["id", 1], ["LIMIT", 1]]
  ↳ /Users/angelrodriguez/.rvm/gems/ruby-2.5.1/gems/activerecord-5.2.1/lib/active_record/log_subscriber.rb:98
Processing by ProfilesController#new as HTML
  [1m[36mProfile Load (0.2ms)[0m  [1m[34mSELECT  "profiles".* FROM "profiles" WHERE "profiles"."user_id" = ? LIMIT ?[0m  [["user_id", 1], ["LIMIT", 1]]
  ↳ app/controllers/profiles_controller.rb:18
  Rendering profiles/new.html.erb within layouts/application
  Rendered profiles/_form.html.erb (4.3ms)
  Rendered profiles/new.html.erb within layouts/application (7.4ms)
Completed 200 OK in 39ms (Views: 31.6ms | ActiveRecord: 0.2ms)


Started GET "/" for 127.0.0.1 at 2018-10-05 13:14:19 -0400
  [1m[36mUser Load (0.2ms)[0m  [1m[34mSELECT  "users".* FROM "users" WHERE "users"."id" = ? ORDER BY "users"."id" ASC LIMIT ?[0m  [["id", 1], ["LIMIT", 1]]
  ↳ /Users/angelrodriguez/.rvm/gems/ruby-2.5.1/gems/activerecord-5.2.1/lib/active_record/log_subscriber.rb:98
Processing by ProfilesController#new as HTML
  [1m[36mProfile Load (0.1ms)[0m  [1m[34mSELECT  "profiles".* FROM "profiles" WHERE "profiles"."user_id" = ? LIMIT ?[0m  [["user_id", 1], ["LIMIT", 1]]
  ↳ app/controllers/profiles_controller.rb:18
  Rendering profiles/new.html.erb within layouts/application
  Rendered profiles/_form.html.erb (3.2ms)
  Rendered profiles/new.html.erb within layouts/application (6.2ms)
Completed 200 OK in 40ms (Views: 36.6ms | ActiveRecord: 0.1ms)


Started GET "/users/sign_in" for 127.0.0.1 at 2018-10-05 13:14:20 -0400
Processing by Devise::SessionsController#new as HTML
  [1m[36mUser Load (0.3ms)[0m  [1m[34mSELECT  "users".* FROM "users" WHERE "users"."id" = ? ORDER BY "users"."id" ASC LIMIT ?[0m  [["id", 1], ["LIMIT", 1]]
  ↳ /Users/angelrodriguez/.rvm/gems/ruby-2.5.1/gems/activerecord-5.2.1/lib/active_record/log_subscriber.rb:98
Redirected to http://localhost:3000/
Filter chain halted as :require_no_authentication rendered or redirected
Completed 302 Found in 8ms (ActiveRecord: 0.3ms)


Started GET "/" for 127.0.0.1 at 2018-10-05 13:14:20 -0400
  [1m[36mUser Load (0.7ms)[0m  [1m[34mSELECT  "users".* FROM "users" WHERE "users"."id" = ? ORDER BY "users"."id" ASC LIMIT ?[0m  [["id", 1], ["LIMIT", 1]]
  ↳ /Users/angelrodriguez/.rvm/gems/ruby-2.5.1/gems/activerecord-5.2.1/lib/active_record/log_subscriber.rb:98
Processing by ProfilesController#new as HTML
  [1m[36mProfile Load (0.2ms)[0m  [1m[34mSELECT  "profiles".* FROM "profiles" WHERE "profiles"."user_id" = ? LIMIT ?[0m  [["user_id", 1], ["LIMIT", 1]]
  ↳ app/controllers/profiles_controller.rb:18
Started GET "/users/sign_in" for 127.0.0.1 at 2018-10-05 13:14:20 -0400
  Rendering profiles/new.html.erb within layouts/application
  Rendered profiles/_form.html.erb (4.2ms)
  Rendered profiles/new.html.erb within layouts/application (8.4ms)
Processing by Devise::SessionsController#new as HTML
  [1m[36mUser Load (0.2ms)[0m  [1m[34mSELECT  "users".* FROM "users" WHERE "users"."id" = ? ORDER BY "users"."id" ASC LIMIT ?[0m  [["id", 1], ["LIMIT", 1]]
  ↳ /Users/angelrodriguez/.rvm/gems/ruby-2.5.1/gems/activerecord-5.2.1/lib/active_record/log_subscriber.rb:98
Redirected to http://localhost:3000/
Filter chain halted as :require_no_authentication rendered or redirected
Completed 302 Found in 3ms (ActiveRecord: 0.2ms)


Completed 200 OK in 49ms (Views: 40.5ms | ActiveRecord: 0.2ms)


Started GET "/" for 127.0.0.1 at 2018-10-05 13:14:20 -0400
  [1m[36mUser Load (0.2ms)[0m  [1m[34mSELECT  "users".* FROM "users" WHERE "users"."id" = ? ORDER BY "users"."id" ASC LIMIT ?[0m  [["id", 1], ["LIMIT", 1]]
  ↳ /Users/angelrodriguez/.rvm/gems/ruby-2.5.1/gems/activerecord-5.2.1/lib/active_record/log_subscriber.rb:98
Processing by ProfilesController#new as HTML
  [1m[36mProfile Load (0.1ms)[0m  [1m[34mSELECT  "profiles".* FROM "profiles" WHERE "profiles"."user_id" = ? LIMIT ?[0m  [["user_id", 1], ["LIMIT", 1]]
  ↳ app/controllers/profiles_controller.rb:18
  Rendering profiles/new.html.erb within layouts/application
  Rendered profiles/_form.html.erb (3.0ms)
  Rendered profiles/new.html.erb within layouts/application (5.8ms)
Completed 200 OK in 32ms (Views: 28.6ms | ActiveRecord: 0.1ms)


Started GET "/" for 127.0.0.1 at 2018-10-05 13:14:20 -0400
  [1m[36mUser Load (0.3ms)[0m  [1m[34mSELECT  "users".* FROM "users" WHERE "users"."id" = ? ORDER BY "users"."id" ASC LIMIT ?[0m  [["id", 1], ["LIMIT", 1]]
  ↳ /Users/angelrodriguez/.rvm/gems/ruby-2.5.1/gems/activerecord-5.2.1/lib/active_record/log_subscriber.rb:98
Processing by ProfilesController#new as HTML
  [1m[36mProfile Load (0.2ms)[0m  [1m[34mSELECT  "profiles".* FROM "profiles" WHERE "profiles"."user_id" = ? LIMIT ?[0m  [["user_id", 1], ["LIMIT", 1]]
  ↳ app/controllers/profiles_controller.rb:18
  Rendering profiles/new.html.erb within layouts/application
  Rendered profiles/_form.html.erb (3.7ms)
  Rendered profiles/new.html.erb within layouts/application (8.9ms)
Completed 200 OK in 73ms (Views: 63.9ms | ActiveRecord: 0.2ms)


Started POST "/profiles" for 127.0.0.1 at 2018-10-05 13:14:56 -0400
Processing by ProfilesController#create as HTML
  Parameters: {"utf8"=>"✓", "authenticity_token"=>"bkNeRviAZsin0gRXIOvX6KaW/uMzHToHc6xEQTPf7VKjQKXcS08Mobfes0G/8kLjUAn5HkB4lVennFgBFUzsGw==", "profile"=>{"fname"=>"Angel", "lname"=>"Rodriguez", "user_id"=>"1", "total_games_played"=>"0", "blob_games_played"=>"0", "blob_games_won"=>"0", "blob_games_lost"=>"0", "ogre_games_played"=>"0", "ogre_games_won"=>"0", "ogre_games_lost"=>"0", "sky_games_played"=>"0", "blob_game_high_score"=>"0", "ogre_game_high_score"=>"0", "sky_game_high_score"=>"0"}, "commit"=>"Create Profile"}
  [1m[36mUser Load (0.3ms)[0m  [1m[34mSELECT  "users".* FROM "users" WHERE "users"."id" = ? ORDER BY "users"."id" ASC LIMIT ?[0m  [["id", 1], ["LIMIT", 1]]
  ↳ /Users/angelrodriguez/.rvm/gems/ruby-2.5.1/gems/activerecord-5.2.1/lib/active_record/log_subscriber.rb:98
  [1m[35m (0.1ms)[0m  [1m[36mbegin transaction[0m
  ↳ app/controllers/profiles_controller.rb:34
  [1m[36mUser Load (0.2ms)[0m  [1m[34mSELECT  "users".* FROM "users" WHERE "users"."id" = ? LIMIT ?[0m  [["id", 1], ["LIMIT", 1]]
  ↳ app/controllers/profiles_controller.rb:34
  [1m[36mProfile Create (0.9ms)[0m  [1m[32mINSERT INTO "profiles" ("user_id", "fname", "lname", "total_games_played", "blob_games_played", "blob_games_won", "blob_games_lost", "blob_game_high_score", "ogre_games_played", "ogre_games_won", "ogre_games_lost", "ogre_game_high_score", "sky_games_played", "sky_game_high_score", "created_at", "updated_at") VALUES (?, ?, ?, ?, ?, ?, ?, ?, ?, ?, ?, ?, ?, ?, ?, ?)[0m  [["user_id", 1], ["fname", "Angel"], ["lname", "Rodriguez"], ["total_games_played", 0], ["blob_games_played", 0], ["blob_games_won", 0], ["blob_games_lost", 0], ["blob_game_high_score", 0], ["ogre_games_played", 0], ["ogre_games_won", 0], ["ogre_games_lost", 0], ["ogre_game_high_score", 0], ["sky_games_played", 0], ["sky_game_high_score", 0], ["created_at", "2018-10-05 17:14:56.745804"], ["updated_at", "2018-10-05 17:14:56.745804"]]
  ↳ app/controllers/profiles_controller.rb:34
  [1m[35m (2.8ms)[0m  [1m[36mcommit transaction[0m
  ↳ app/controllers/profiles_controller.rb:34
Redirected to http://localhost:3000/profiles/1
Completed 302 Found in 32ms (ActiveRecord: 4.2ms)


Started GET "/profiles/1" for 127.0.0.1 at 2018-10-05 13:14:56 -0400
Processing by ProfilesController#show as HTML
  Parameters: {"id"=>"1"}
  [1m[36mUser Load (0.5ms)[0m  [1m[34mSELECT  "users".* FROM "users" WHERE "users"."id" = ? ORDER BY "users"."id" ASC LIMIT ?[0m  [["id", 1], ["LIMIT", 1]]
  ↳ /Users/angelrodriguez/.rvm/gems/ruby-2.5.1/gems/activerecord-5.2.1/lib/active_record/log_subscriber.rb:98
  [1m[36mProfile Load (0.5ms)[0m  [1m[34mSELECT  "profiles".* FROM "profiles" WHERE "profiles"."id" = ? LIMIT ?[0m  [["id", 1], ["LIMIT", 1]]
  ↳ app/controllers/profiles_controller.rb:71
  Rendering profiles/show.html.erb within layouts/application
  [1m[36mActiveStorage::Attachment Load (0.5ms)[0m  [1m[34mSELECT  "active_storage_attachments".* FROM "active_storage_attachments" WHERE "active_storage_attachments"."record_id" = ? AND "active_storage_attachments"."record_type" = ? AND "active_storage_attachments"."name" = ? LIMIT ?[0m  [["record_id", 1], ["record_type", "Profile"], ["name", "avatar"], ["LIMIT", 1]]
  ↳ app/views/profiles/show.html.erb:4
  Rendered profiles/show.html.erb within layouts/application (8.7ms)
Completed 500 Internal Server Error in 27ms (ActiveRecord: 1.9ms)


  
ActionView::Template::Error (variant delegated to attachment, but attachment is nil):
    1: <p id="notice"><%= notice %></p>
    2: 
    3: <p>
    4:   <%= image_tag @profile.avatar.variant(resize: "100x100") %>
    5: </p>
    6: 
    7: <p>
  
app/views/profiles/show.html.erb:4:in `_app_views_profiles_show_html_erb__2278697157623807082_70325625003460'
Started POST "/profiles" for 127.0.0.1 at 2018-10-05 13:15:06 -0400
Processing by ProfilesController#create as HTML
  Parameters: {"utf8"=>"✓", "authenticity_token"=>"UqGORKMBW72W9n9S5lj4hICcIEAUvGQ0a3tUPgS4vOqTJaEnXToJzK/BH8Nqa5UuFFgYcF9qJ6wKTJmdCixWpg==", "profile"=>{"fname"=>"Angel", "lname"=>"Rodriguez", "user_id"=>"1", "total_games_played"=>"0", "blob_games_played"=>"0", "blob_games_won"=>"0", "blob_games_lost"=>"0", "ogre_games_played"=>"0", "ogre_games_won"=>"0", "ogre_games_lost"=>"0", "sky_games_played"=>"0", "blob_game_high_score"=>"0", "ogre_game_high_score"=>"0", "sky_game_high_score"=>"0"}, "commit"=>"Create Profile"}
  [1m[36mUser Load (0.4ms)[0m  [1m[34mSELECT  "users".* FROM "users" WHERE "users"."id" = ? ORDER BY "users"."id" ASC LIMIT ?[0m  [["id", 1], ["LIMIT", 1]]
  ↳ /Users/angelrodriguez/.rvm/gems/ruby-2.5.1/gems/activerecord-5.2.1/lib/active_record/log_subscriber.rb:98
  [1m[35m (0.1ms)[0m  [1m[36mbegin transaction[0m
  ↳ app/controllers/profiles_controller.rb:34
  [1m[36mUser Load (0.4ms)[0m  [1m[34mSELECT  "users".* FROM "users" WHERE "users"."id" = ? LIMIT ?[0m  [["id", 1], ["LIMIT", 1]]
  ↳ app/controllers/profiles_controller.rb:34
  [1m[36mProfile Create (1.3ms)[0m  [1m[32mINSERT INTO "profiles" ("user_id", "fname", "lname", "total_games_played", "blob_games_played", "blob_games_won", "blob_games_lost", "blob_game_high_score", "ogre_games_played", "ogre_games_won", "ogre_games_lost", "ogre_game_high_score", "sky_games_played", "sky_game_high_score", "created_at", "updated_at") VALUES (?, ?, ?, ?, ?, ?, ?, ?, ?, ?, ?, ?, ?, ?, ?, ?)[0m  [["user_id", 1], ["fname", "Angel"], ["lname", "Rodriguez"], ["total_games_played", 0], ["blob_games_played", 0], ["blob_games_won", 0], ["blob_games_lost", 0], ["blob_game_high_score", 0], ["ogre_games_played", 0], ["ogre_games_won", 0], ["ogre_games_lost", 0], ["ogre_game_high_score", 0], ["sky_games_played", 0], ["sky_game_high_score", 0], ["created_at", "2018-10-05 17:15:06.582680"], ["updated_at", "2018-10-05 17:15:06.582680"]]
  ↳ app/controllers/profiles_controller.rb:34
  [1m[35m (1.3ms)[0m  [1m[36mcommit transaction[0m
  ↳ app/controllers/profiles_controller.rb:34
Redirected to http://localhost:3000/profiles/2
Completed 302 Found in 17ms (ActiveRecord: 3.6ms)


Started GET "/profiles/2" for 127.0.0.1 at 2018-10-05 13:15:06 -0400
Processing by ProfilesController#show as HTML
  Parameters: {"id"=>"2"}
  [1m[36mUser Load (0.4ms)[0m  [1m[34mSELECT  "users".* FROM "users" WHERE "users"."id" = ? ORDER BY "users"."id" ASC LIMIT ?[0m  [["id", 1], ["LIMIT", 1]]
  ↳ /Users/angelrodriguez/.rvm/gems/ruby-2.5.1/gems/activerecord-5.2.1/lib/active_record/log_subscriber.rb:98
  [1m[36mProfile Load (0.9ms)[0m  [1m[34mSELECT  "profiles".* FROM "profiles" WHERE "profiles"."id" = ? LIMIT ?[0m  [["id", 2], ["LIMIT", 1]]
  ↳ app/controllers/profiles_controller.rb:71
  Rendering profiles/show.html.erb within layouts/application
  [1m[36mActiveStorage::Attachment Load (0.2ms)[0m  [1m[34mSELECT  "active_storage_attachments".* FROM "active_storage_attachments" WHERE "active_storage_attachments"."record_id" = ? AND "active_storage_attachments"."record_type" = ? AND "active_storage_attachments"."name" = ? LIMIT ?[0m  [["record_id", 2], ["record_type", "Profile"], ["name", "avatar"], ["LIMIT", 1]]
  ↳ app/views/profiles/show.html.erb:4
  Rendered profiles/show.html.erb within layouts/application (6.7ms)
Completed 500 Internal Server Error in 26ms (ActiveRecord: 1.5ms)


  
ActionView::Template::Error (variant delegated to attachment, but attachment is nil):
    1: <p id="notice"><%= notice %></p>
    2: 
    3: <p>
    4:   <%= image_tag @profile.avatar.variant(resize: "100x100") %>
    5: </p>
    6: 
    7: <p>
  
app/views/profiles/show.html.erb:4:in `_app_views_profiles_show_html_erb__2278697157623807082_70325666316580'
